# JRE version: Java(TM) SE Runtime Environment (8.0_144-b01) (build 1.8.0_144-b01)
# Java VM: Java HotSpot(TM) 64-Bit Server VM (25.144-b01 mixed mode windows-amd64 compressed oops)
Heap:
 PSYoungGen      total 179712K, used 26724K [0x00000000d6700000, 0x00000000e6580000, 0x0000000100000000)
  eden space 167936K, 8% used [0x00000000d6700000,0x00000000d7599ce8,0x00000000e0b00000)
  from space 11776K, 99% used [0x00000000e0b00000,0x00000000e167f4b8,0x00000000e1680000)
  to   space 15360K, 0% used [0x00000000e5680000,0x00000000e5680000,0x00000000e6580000)
 ParOldGen       total 75776K, used 17558K [0x0000000083400000, 0x0000000087e00000, 0x00000000d6700000)
  object space 75776K, 23% used [0x0000000083400000,0x0000000084525b28,0x0000000087e00000)
 Metaspace       used 48593K, capacity 50852K, committed 50984K, reserved 1093632K
  class space    used 6533K, capacity 6923K, committed 6960K, reserved 1048576K
GC Heap History (10 events):
Event: 2.975 GC heap before
{Heap before GC invocations=7 (full 1):
 PSYoungGen      total 70656K, used 65536K [0x00000000d6700000, 0x00000000df800000, 0x0000000100000000)
  eden space 65536K, 100% used [0x00000000d6700000,0x00000000da700000,0x00000000da700000)
  from space 5120K, 0% used [0x00000000da700000,0x00000000da700000,0x00000000dac00000)
  to   space 8704K, 0% used [0x00000000def80000,0x00000000def80000,0x00000000df800000)
 ParOldGen       total 52736K, used 5110K [0x0000000083400000, 0x0000000086780000, 0x00000000d6700000)
  object space 52736K, 9% used [0x0000000083400000,0x00000000838fdb18,0x0000000086780000)
 Metaspace       used 24702K, capacity 25708K, committed 26032K, reserved 1071104K
  class space    used 3192K, capacity 3417K, committed 3504K, reserved 1048576K
Event: 2.982 GC heap after
Heap after GC invocations=7 (full 1):
 PSYoungGen      total 113152K, used 6869K [0x00000000d6700000, 0x00000000df680000, 0x0000000100000000)
  eden space 105984K, 0% used [0x00000000d6700000,0x00000000d6700000,0x00000000dce80000)
  from space 7168K, 95% used [0x00000000def80000,0x00000000df635708,0x00000000df680000)
  to   space 8704K, 0% used [0x00000000de580000,0x00000000de580000,0x00000000dee00000)
 ParOldGen       total 52736K, used 5118K [0x0000000083400000, 0x0000000086780000, 0x00000000d6700000)
  object space 52736K, 9% used [0x0000000083400000,0x00000000838ffb18,0x0000000086780000)
 Metaspace       used 24702K, capacity 25708K, committed 26032K, reserved 1071104K
  class space    used 3192K, capacity 3417K, committed 3504K, reserved 1048576K
}
Event: 4.991 GC heap before
{Heap before GC invocations=8 (full 1):
 PSYoungGen      total 113152K, used 112853K [0x00000000d6700000, 0x00000000df680000, 0x0000000100000000)
  eden space 105984K, 100% used [0x00000000d6700000,0x00000000dce80000,0x00000000dce80000)
  from space 7168K, 95% used [0x00000000def80000,0x00000000df635708,0x00000000df680000)
  to   space 8704K, 0% used [0x00000000de580000,0x00000000de580000,0x00000000dee00000)
 ParOldGen       total 52736K, used 5118K [0x0000000083400000, 0x0000000086780000, 0x00000000d6700000)
  object space 52736K, 9% used [0x0000000083400000,0x00000000838ffb18,0x0000000086780000)
 Metaspace       used 32981K, capacity 34548K, committed 34736K, reserved 1079296K
  class space    used 4342K, capacity 4659K, committed 4784K, reserved 1048576K
Event: 5.013 GC heap after
Heap after GC invocations=8 (full 1):
 PSYoungGen      total 138240K, used 8703K [0x00000000d6700000, 0x00000000e2280000, 0x0000000100000000)
  eden space 129536K, 0% used [0x00000000d6700000,0x00000000d6700000,0x00000000de580000)
  from space 8704K, 99% used [0x00000000de580000,0x00000000dedffc98,0x00000000dee00000)
  to   space 12288K, 0% used [0x00000000e1680000,0x00000000e1680000,0x00000000e2280000)
 ParOldGen       total 52736K, used 9897K [0x0000000083400000, 0x0000000086780000, 0x00000000d6700000)
  object space 52736K, 18% used [0x0000000083400000,0x0000000083daa7d8,0x0000000086780000)
 Metaspace       used 32981K, capacity 34548K, committed 34736K, reserved 1079296K
  class space    used 4342K, capacity 4659K, committed 4784K, reserved 1048576K
}
Event: 5.136 GC heap before
{Heap before GC invocations=9 (full 1):
 PSYoungGen      total 138240K, used 19788K [0x00000000d6700000, 0x00000000e2280000, 0x0000000100000000)
  eden space 129536K, 8% used [0x00000000d6700000,0x00000000d71d3538,0x00000000de580000)
  from space 8704K, 99% used [0x00000000de580000,0x00000000dedffc98,0x00000000dee00000)
  to   space 12288K, 0% used [0x00000000e1680000,0x00000000e1680000,0x00000000e2280000)
 ParOldGen       total 52736K, used 9897K [0x0000000083400000, 0x0000000086780000, 0x00000000d6700000)
  object space 52736K, 18% used [0x0000000083400000,0x0000000083daa7d8,0x0000000086780000)
 Metaspace       used 33723K, capacity 35350K, committed 35496K, reserved 1079296K
  class space    used 4476K, capacity 4772K, committed 4784K, reserved 1048576K
Event: 5.147 GC heap after
Heap after GC invocations=9 (full 1):
 PSYoungGen      total 180224K, used 7998K [0x00000000d6700000, 0x00000000e5400000, 0x0000000100000000)
  eden space 167936K, 0% used [0x00000000d6700000,0x00000000d6700000,0x00000000e0b00000)
  from space 12288K, 65% used [0x00000000e1680000,0x00000000e1e4fb08,0x00000000e2280000)
  to   space 11776K, 0% used [0x00000000e0b00000,0x00000000e0b00000,0x00000000e1680000)
 ParOldGen       total 52736K, used 9905K [0x0000000083400000, 0x0000000086780000, 0x00000000d6700000)
  object space 52736K, 18% used [0x0000000083400000,0x0000000083dac7d8,0x0000000086780000)
 Metaspace       used 33723K, capacity 35350K, committed 35496K, reserved 1079296K
  class space    used 4476K, capacity 4772K, committed 4784K, reserved 1048576K
}
Event: 5.147 GC heap before
{Heap before GC invocations=10 (full 2):
 PSYoungGen      total 180224K, used 7998K [0x00000000d6700000, 0x00000000e5400000, 0x0000000100000000)
  eden space 167936K, 0% used [0x00000000d6700000,0x00000000d6700000,0x00000000e0b00000)
  from space 12288K, 65% used [0x00000000e1680000,0x00000000e1e4fb08,0x00000000e2280000)
  to   space 11776K, 0% used [0x00000000e0b00000,0x00000000e0b00000,0x00000000e1680000)
 ParOldGen       total 52736K, used 9905K [0x0000000083400000, 0x0000000086780000, 0x00000000d6700000)
  object space 52736K, 18% used [0x0000000083400000,0x0000000083dac7d8,0x0000000086780000)
 Metaspace       used 33723K, capacity 35350K, committed 35496K, reserved 1079296K
  class space    used 4476K, capacity 4772K, committed 4784K, reserved 1048576K
Event: 5.210 GC heap after
Heap after GC invocations=10 (full 2):
 PSYoungGen      total 180224K, used 0K [0x00000000d6700000, 0x00000000e5400000, 0x0000000100000000)
  eden space 167936K, 0% used [0x00000000d6700000,0x00000000d6700000,0x00000000e0b00000)
  from space 12288K, 0% used [0x00000000e1680000,0x00000000e1680000,0x00000000e2280000)
  to   space 11776K, 0% used [0x00000000e0b00000,0x00000000e0b00000,0x00000000e1680000)
 ParOldGen       total 75776K, used 12508K [0x0000000083400000, 0x0000000087e00000, 0x00000000d6700000)
  object space 75776K, 16% used [0x0000000083400000,0x0000000084037310,0x0000000087e00000)
 Metaspace       used 33723K, capacity 35350K, committed 35496K, reserved 1079296K
  class space    used 4476K, capacity 4772K, committed 4784K, reserved 1048576K
}
Event: 64.465 GC heap before
{Heap before GC invocations=11 (full 2):
 PSYoungGen      total 180224K, used 167936K [0x00000000d6700000, 0x00000000e5400000, 0x0000000100000000)
  eden space 167936K, 100% used [0x00000000d6700000,0x00000000e0b00000,0x00000000e0b00000)
  from space 12288K, 0% used [0x00000000e1680000,0x00000000e1680000,0x00000000e2280000)
  to   space 11776K, 0% used [0x00000000e0b00000,0x00000000e0b00000,0x00000000e1680000)
 ParOldGen       total 75776K, used 12508K [0x0000000083400000, 0x0000000087e00000, 0x00000000d6700000)
  object space 75776K, 16% used [0x0000000083400000,0x0000000084037310,0x0000000087e00000)
 Metaspace       used 47829K, capacity 50104K, committed 50344K, reserved 1093632K
  class space    used 6426K, capacity 6823K, committed 6832K, reserved 1048576K
Event: 64.494 GC heap after
Heap after GC invocations=11 (full 2):
 PSYoungGen      total 179712K, used 11773K [0x00000000d6700000, 0x00000000e6580000, 0x0000000100000000)
  eden space 167936K, 0% used [0x00000000d6700000,0x00000000d6700000,0x00000000e0b00000)
  from space 11776K, 99% used [0x00000000e0b00000,0x00000000e167f4b8,0x00000000e1680000)
  to   space 15360K, 0% used [0x00000000e5680000,0x00000000e5680000,0x00000000e6580000)
 ParOldGen       total 75776K, used 17558K [0x0000000083400000, 0x0000000087e00000, 0x00000000d6700000)
  object space 75776K, 23% used [0x0000000083400000,0x0000000084525b28,0x0000000087e00000)
 Metaspace       used 47829K, capacity 50104K, committed 50344K, reserved 1093632K
  class space    used 6426K, capacity 6823K, committed 6832K, reserved 1048576K
}

