# JRE version: Java(TM) SE Runtime Environment (8.0_144-b01) (build 1.8.0_144-b01)
# Java VM: Java HotSpot(TM) 64-Bit Server VM (25.144-b01 mixed mode windows-amd64 compressed oops)
Heap:
 PSYoungGen      total 138240K, used 35851K [0x00000000d6700000, 0x00000000e5700000, 0x0000000100000000)
  eden space 129024K, 27% used [0x00000000d6700000,0x00000000d8a02d18,0x00000000de500000)
  from space 9216K, 0% used [0x00000000de500000,0x00000000de500000,0x00000000dee00000)
  to   space 12800K, 0% used [0x00000000e4a80000,0x00000000e4a80000,0x00000000e5700000)
 ParOldGen       total 68096K, used 17883K [0x0000000083400000, 0x0000000087680000, 0x00000000d6700000)
  object space 68096K, 26% used [0x0000000083400000,0x0000000084576c08,0x0000000087680000)
 Metaspace       used 36104K, capacity 38047K, committed 38184K, reserved 1083392K
  class space    used 4756K, capacity 5081K, committed 5168K, reserved 1048576K
GC Heap History (10 events):
Event: 4.990 GC heap before
{Heap before GC invocations=5 (full 0):
 PSYoungGen      total 70656K, used 10542K [0x00000000d6700000, 0x00000000db100000, 0x0000000100000000)
  eden space 65536K, 8% used [0x00000000d6700000,0x00000000d6c4dad8,0x00000000da700000)
  from space 5120K, 99% used [0x00000000dac00000,0x00000000db0fded0,0x00000000db100000)
  to   space 5120K, 0% used [0x00000000da700000,0x00000000da700000,0x00000000dac00000)
 ParOldGen       total 86016K, used 4979K [0x0000000083400000, 0x0000000088800000, 0x00000000d6700000)
  object space 86016K, 5% used [0x0000000083400000,0x00000000838dcec8,0x0000000088800000)
 Metaspace       used 20645K, capacity 21251K, committed 21296K, reserved 1067008K
  class space    used 2639K, capacity 2819K, committed 2864K, reserved 1048576K
Event: 5.014 GC heap after
Heap after GC invocations=5 (full 0):
 PSYoungGen      total 70656K, used 4896K [0x00000000d6700000, 0x00000000df900000, 0x0000000100000000)
  eden space 65536K, 0% used [0x00000000d6700000,0x00000000d6700000,0x00000000da700000)
  from space 5120K, 95% used [0x00000000da700000,0x00000000dabc8000,0x00000000dac00000)
  to   space 9216K, 0% used [0x00000000df000000,0x00000000df000000,0x00000000df900000)
 ParOldGen       total 86016K, used 4987K [0x0000000083400000, 0x0000000088800000, 0x00000000d6700000)
  object space 86016K, 5% used [0x0000000083400000,0x00000000838deec8,0x0000000088800000)
 Metaspace       used 20645K, capacity 21251K, committed 21296K, reserved 1067008K
  class space    used 2639K, capacity 2819K, committed 2864K, reserved 1048576K
}
Event: 5.014 GC heap before
{Heap before GC invocations=6 (full 1):
 PSYoungGen      total 70656K, used 4896K [0x00000000d6700000, 0x00000000df900000, 0x0000000100000000)
  eden space 65536K, 0% used [0x00000000d6700000,0x00000000d6700000,0x00000000da700000)
  from space 5120K, 95% used [0x00000000da700000,0x00000000dabc8000,0x00000000dac00000)
  to   space 9216K, 0% used [0x00000000df000000,0x00000000df000000,0x00000000df900000)
 ParOldGen       total 86016K, used 4987K [0x0000000083400000, 0x0000000088800000, 0x00000000d6700000)
  object space 86016K, 5% used [0x0000000083400000,0x00000000838deec8,0x0000000088800000)
 Metaspace       used 20645K, capacity 21251K, committed 21296K, reserved 1067008K
  class space    used 2639K, capacity 2819K, committed 2864K, reserved 1048576K
Event: 5.054 GC heap after
Heap after GC invocations=6 (full 1):
 PSYoungGen      total 70656K, used 0K [0x00000000d6700000, 0x00000000df900000, 0x0000000100000000)
  eden space 65536K, 0% used [0x00000000d6700000,0x00000000d6700000,0x00000000da700000)
  from space 5120K, 0% used [0x00000000da700000,0x00000000da700000,0x00000000dac00000)
  to   space 9216K, 0% used [0x00000000df000000,0x00000000df000000,0x00000000df900000)
 ParOldGen       total 45568K, used 5324K [0x0000000083400000, 0x0000000086080000, 0x00000000d6700000)
  object space 45568K, 11% used [0x0000000083400000,0x0000000083933278,0x0000000086080000)
 Metaspace       used 20644K, capacity 21249K, committed 21296K, reserved 1067008K
  class space    used 2639K, capacity 2818K, committed 2864K, reserved 1048576K
}
Event: 8.398 GC heap before
{Heap before GC invocations=7 (full 1):
 PSYoungGen      total 70656K, used 65536K [0x00000000d6700000, 0x00000000df900000, 0x0000000100000000)
  eden space 65536K, 100% used [0x00000000d6700000,0x00000000da700000,0x00000000da700000)
  from space 5120K, 0% used [0x00000000da700000,0x00000000da700000,0x00000000dac00000)
  to   space 9216K, 0% used [0x00000000df000000,0x00000000df000000,0x00000000df900000)
 ParOldGen       total 45568K, used 5324K [0x0000000083400000, 0x0000000086080000, 0x00000000d6700000)
  object space 45568K, 11% used [0x0000000083400000,0x0000000083933278,0x0000000086080000)
 Metaspace       used 25003K, capacity 25977K, committed 26288K, reserved 1073152K
  class space    used 3190K, capacity 3418K, committed 3504K, reserved 1048576K
Event: 8.409 GC heap after
Heap after GC invocations=7 (full 1):
 PSYoungGen      total 128512K, used 7096K [0x00000000d6700000, 0x00000000df700000, 0x0000000100000000)
  eden space 121344K, 0% used [0x00000000d6700000,0x00000000d6700000,0x00000000ddd80000)
  from space 7168K, 99% used [0x00000000df000000,0x00000000df6ee300,0x00000000df700000)
  to   space 9216K, 0% used [0x00000000de500000,0x00000000de500000,0x00000000dee00000)
 ParOldGen       total 45568K, used 5332K [0x0000000083400000, 0x0000000086080000, 0x00000000d6700000)
  object space 45568K, 11% used [0x0000000083400000,0x0000000083935278,0x0000000086080000)
 Metaspace       used 25003K, capacity 25977K, committed 26288K, reserved 1073152K
  class space    used 3190K, capacity 3418K, committed 3504K, reserved 1048576K
}
Event: 11.538 GC heap before
{Heap before GC invocations=8 (full 1):
 PSYoungGen      total 128512K, used 125062K [0x00000000d6700000, 0x00000000df700000, 0x0000000100000000)
  eden space 121344K, 97% used [0x00000000d6700000,0x00000000dda33558,0x00000000ddd80000)
  from space 7168K, 99% used [0x00000000df000000,0x00000000df6ee300,0x00000000df700000)
  to   space 9216K, 0% used [0x00000000de500000,0x00000000de500000,0x00000000dee00000)
 ParOldGen       total 45568K, used 5332K [0x0000000083400000, 0x0000000086080000, 0x00000000d6700000)
  object space 45568K, 11% used [0x0000000083400000,0x0000000083935278,0x0000000086080000)
 Metaspace       used 33861K, capacity 35463K, committed 35496K, reserved 1079296K
  class space    used 4444K, capacity 4765K, committed 4784K, reserved 1048576K
Event: 11.554 GC heap after
Heap after GC invocations=8 (full 1):
 PSYoungGen      total 138240K, used 9208K [0x00000000d6700000, 0x00000000e5700000, 0x0000000100000000)
  eden space 129024K, 0% used [0x00000000d6700000,0x00000000d6700000,0x00000000de500000)
  from space 9216K, 99% used [0x00000000de500000,0x00000000dedfe1a8,0x00000000dee00000)
  to   space 12800K, 0% used [0x00000000e4a80000,0x00000000e4a80000,0x00000000e5700000)
 ParOldGen       total 45568K, used 10396K [0x0000000083400000, 0x0000000086080000, 0x00000000d6700000)
  object space 45568K, 22% used [0x0000000083400000,0x0000000083e27028,0x0000000086080000)
 Metaspace       used 33861K, capacity 35463K, committed 35496K, reserved 1079296K
  class space    used 4444K, capacity 4765K, committed 4784K, reserved 1048576K
}
Event: 11.554 GC heap before
{Heap before GC invocations=9 (full 2):
 PSYoungGen      total 138240K, used 9208K [0x00000000d6700000, 0x00000000e5700000, 0x0000000100000000)
  eden space 129024K, 0% used [0x00000000d6700000,0x00000000d6700000,0x00000000de500000)
  from space 9216K, 99% used [0x00000000de500000,0x00000000dedfe1a8,0x00000000dee00000)
  to   space 12800K, 0% used [0x00000000e4a80000,0x00000000e4a80000,0x00000000e5700000)
 ParOldGen       total 45568K, used 10396K [0x0000000083400000, 0x0000000086080000, 0x00000000d6700000)
  object space 45568K, 22% used [0x0000000083400000,0x0000000083e27028,0x0000000086080000)
 Metaspace       used 33861K, capacity 35463K, committed 35496K, reserved 1079296K
  class space    used 4444K, capacity 4765K, committed 4784K, reserved 1048576K
Event: 11.629 GC heap after
Heap after GC invocations=9 (full 2):
 PSYoungGen      total 138240K, used 0K [0x00000000d6700000, 0x00000000e5700000, 0x0000000100000000)
  eden space 129024K, 0% used [0x00000000d6700000,0x00000000d6700000,0x00000000de500000)
  from space 9216K, 0% used [0x00000000de500000,0x00000000de500000,0x00000000dee00000)
  to   space 12800K, 0% used [0x00000000e4a80000,0x00000000e4a80000,0x00000000e5700000)
 ParOldGen       total 68096K, used 17883K [0x0000000083400000, 0x0000000087680000, 0x00000000d6700000)
  object space 68096K, 26% used [0x0000000083400000,0x0000000084576c08,0x0000000087680000)
 Metaspace       used 33861K, capacity 35463K, committed 35496K, reserved 1079296K
  class space    used 4444K, capacity 4765K, committed 4784K, reserved 1048576K
}

