# JRE version: Java(TM) SE Runtime Environment (8.0_144-b01) (build 1.8.0_144-b01)
# Java VM: Java HotSpot(TM) 64-Bit Server VM (25.144-b01 mixed mode windows-amd64 compressed oops)
Heap:
 PSYoungGen      total 53760K, used 30884K [0x00000000d6700000, 0x00000000da400000, 0x0000000100000000)
  eden space 45056K, 56% used [0x00000000d6700000,0x00000000d7fa45a0,0x00000000d9300000)
  from space 8704K, 64% used [0x00000000d9b80000,0x00000000da104df0,0x00000000da400000)
  to   space 8704K, 0% used [0x00000000d9300000,0x00000000d9300000,0x00000000d9b80000)
 ParOldGen       total 54272K, used 5028K [0x0000000083400000, 0x0000000086900000, 0x00000000d6700000)
  object space 54272K, 9% used [0x0000000083400000,0x00000000838e9338,0x0000000086900000)
 Metaspace       used 28849K, capacity 30346K, committed 30640K, reserved 1079296K
  class space    used 3828K, capacity 4118K, committed 4272K, reserved 1048576K
GC Heap History (10 events):
Event: 1.500 GC heap before
{Heap before GC invocations=3 (full 0):
 PSYoungGen      total 37888K, used 37877K [0x00000000d6700000, 0x00000000d9100000, 0x0000000100000000)
  eden space 32768K, 100% used [0x00000000d6700000,0x00000000d8700000,0x00000000d8700000)
  from space 5120K, 99% used [0x00000000d8c00000,0x00000000d90fd7c0,0x00000000d9100000)
  to   space 5120K, 0% used [0x00000000d8700000,0x00000000d8700000,0x00000000d8c00000)
 ParOldGen       total 86016K, used 414K [0x0000000083400000, 0x0000000088800000, 0x00000000d6700000)
  object space 86016K, 0% used [0x0000000083400000,0x0000000083467b38,0x0000000088800000)
 Metaspace       used 15797K, capacity 16244K, committed 16512K, reserved 1062912K
  class space    used 1964K, capacity 2073K, committed 2176K, reserved 1048576K
Event: 1.506 GC heap after
Heap after GC invocations=3 (full 0):
 PSYoungGen      total 37888K, used 5118K [0x00000000d6700000, 0x00000000d9100000, 0x0000000100000000)
  eden space 32768K, 0% used [0x00000000d6700000,0x00000000d6700000,0x00000000d8700000)
  from space 5120K, 99% used [0x00000000d8700000,0x00000000d8bff8a0,0x00000000d8c00000)
  to   space 5120K, 0% used [0x00000000d8c00000,0x00000000d8c00000,0x00000000d9100000)
 ParOldGen       total 86016K, used 1787K [0x0000000083400000, 0x0000000088800000, 0x00000000d6700000)
  object space 86016K, 2% used [0x0000000083400000,0x00000000835bee88,0x0000000088800000)
 Metaspace       used 15797K, capacity 16244K, committed 16512K, reserved 1062912K
  class space    used 1964K, capacity 2073K, committed 2176K, reserved 1048576K
}
Event: 1.990 GC heap before
{Heap before GC invocations=4 (full 0):
 PSYoungGen      total 37888K, used 37886K [0x00000000d6700000, 0x00000000d9100000, 0x0000000100000000)
  eden space 32768K, 100% used [0x00000000d6700000,0x00000000d8700000,0x00000000d8700000)
  from space 5120K, 99% used [0x00000000d8700000,0x00000000d8bff8a0,0x00000000d8c00000)
  to   space 5120K, 0% used [0x00000000d8c00000,0x00000000d8c00000,0x00000000d9100000)
 ParOldGen       total 86016K, used 1787K [0x0000000083400000, 0x0000000088800000, 0x00000000d6700000)
  object space 86016K, 2% used [0x0000000083400000,0x00000000835bee88,0x0000000088800000)
 Metaspace       used 20093K, capacity 20742K, committed 20992K, reserved 1067008K
  class space    used 2585K, capacity 2740K, committed 2816K, reserved 1048576K
Event: 2.001 GC heap after
Heap after GC invocations=4 (full 0):
 PSYoungGen      total 37888K, used 5091K [0x00000000d6700000, 0x00000000d9100000, 0x0000000100000000)
  eden space 32768K, 0% used [0x00000000d6700000,0x00000000d6700000,0x00000000d8700000)
  from space 5120K, 99% used [0x00000000d8c00000,0x00000000d90f8fe8,0x00000000d9100000)
  to   space 5120K, 0% used [0x00000000d8700000,0x00000000d8700000,0x00000000d8c00000)
 ParOldGen       total 86016K, used 5083K [0x0000000083400000, 0x0000000088800000, 0x00000000d6700000)
  object space 86016K, 5% used [0x0000000083400000,0x00000000838f6c30,0x0000000088800000)
 Metaspace       used 20093K, capacity 20742K, committed 20992K, reserved 1067008K
  class space    used 2585K, capacity 2740K, committed 2816K, reserved 1048576K
}
Event: 2.116 GC heap before
{Heap before GC invocations=5 (full 0):
 PSYoungGen      total 37888K, used 10933K [0x00000000d6700000, 0x00000000d9100000, 0x0000000100000000)
  eden space 32768K, 17% used [0x00000000d6700000,0x00000000d6cb4590,0x00000000d8700000)
  from space 5120K, 99% used [0x00000000d8c00000,0x00000000d90f8fe8,0x00000000d9100000)
  to   space 5120K, 0% used [0x00000000d8700000,0x00000000d8700000,0x00000000d8c00000)
 ParOldGen       total 86016K, used 5083K [0x0000000083400000, 0x0000000088800000, 0x00000000d6700000)
  object space 86016K, 5% used [0x0000000083400000,0x00000000838f6c30,0x0000000088800000)
 Metaspace       used 20609K, capacity 21226K, committed 21296K, reserved 1067008K
  class space    used 2675K, capacity 2856K, committed 2864K, reserved 1048576K
Event: 2.121 GC heap after
Heap after GC invocations=5 (full 0):
 PSYoungGen      total 37888K, used 5117K [0x00000000d6700000, 0x00000000d9100000, 0x0000000100000000)
  eden space 32768K, 0% used [0x00000000d6700000,0x00000000d6700000,0x00000000d8700000)
  from space 5120K, 99% used [0x00000000d8700000,0x00000000d8bff5f8,0x00000000d8c00000)
  to   space 5120K, 0% used [0x00000000d8c00000,0x00000000d8c00000,0x00000000d9100000)
 ParOldGen       total 86016K, used 5108K [0x0000000083400000, 0x0000000088800000, 0x00000000d6700000)
  object space 86016K, 5% used [0x0000000083400000,0x00000000838fd028,0x0000000088800000)
 Metaspace       used 20609K, capacity 21226K, committed 21296K, reserved 1067008K
  class space    used 2675K, capacity 2856K, committed 2864K, reserved 1048576K
}
Event: 2.121 GC heap before
{Heap before GC invocations=6 (full 1):
 PSYoungGen      total 37888K, used 5117K [0x00000000d6700000, 0x00000000d9100000, 0x0000000100000000)
  eden space 32768K, 0% used [0x00000000d6700000,0x00000000d6700000,0x00000000d8700000)
  from space 5120K, 99% used [0x00000000d8700000,0x00000000d8bff5f8,0x00000000d8c00000)
  to   space 5120K, 0% used [0x00000000d8c00000,0x00000000d8c00000,0x00000000d9100000)
 ParOldGen       total 86016K, used 5108K [0x0000000083400000, 0x0000000088800000, 0x00000000d6700000)
  object space 86016K, 5% used [0x0000000083400000,0x00000000838fd028,0x0000000088800000)
 Metaspace       used 20609K, capacity 21226K, committed 21296K, reserved 1067008K
  class space    used 2675K, capacity 2856K, committed 2864K, reserved 1048576K
Event: 2.149 GC heap after
Heap after GC invocations=6 (full 1):
 PSYoungGen      total 37888K, used 0K [0x00000000d6700000, 0x00000000d9100000, 0x0000000100000000)
  eden space 32768K, 0% used [0x00000000d6700000,0x00000000d6700000,0x00000000d8700000)
  from space 5120K, 0% used [0x00000000d8700000,0x00000000d8700000,0x00000000d8c00000)
  to   space 5120K, 0% used [0x00000000d8c00000,0x00000000d8c00000,0x00000000d9100000)
 ParOldGen       total 54272K, used 5012K [0x0000000083400000, 0x0000000086900000, 0x00000000d6700000)
  object space 54272K, 9% used [0x0000000083400000,0x00000000838e5338,0x0000000086900000)
 Metaspace       used 20606K, capacity 21218K, committed 21296K, reserved 1067008K
  class space    used 2673K, capacity 2854K, committed 2864K, reserved 1048576K
}
Event: 2.999 GC heap before
{Heap before GC invocations=7 (full 1):
 PSYoungGen      total 37888K, used 32768K [0x00000000d6700000, 0x00000000d9100000, 0x0000000100000000)
  eden space 32768K, 100% used [0x00000000d6700000,0x00000000d8700000,0x00000000d8700000)
  from space 5120K, 0% used [0x00000000d8700000,0x00000000d8700000,0x00000000d8c00000)
  to   space 5120K, 0% used [0x00000000d8c00000,0x00000000d8c00000,0x00000000d9100000)
 ParOldGen       total 54272K, used 5012K [0x0000000083400000, 0x0000000086900000, 0x00000000d6700000)
  object space 54272K, 9% used [0x0000000083400000,0x00000000838e5338,0x0000000086900000)
 Metaspace       used 23547K, capacity 24502K, committed 24624K, reserved 1071104K
  class space    used 3073K, capacity 3302K, committed 3376K, reserved 1048576K
Event: 3.004 GC heap after
Heap after GC invocations=7 (full 1):
 PSYoungGen      total 33792K, used 3662K [0x00000000d6700000, 0x00000000dab80000, 0x0000000100000000)
  eden space 28672K, 0% used [0x00000000d6700000,0x00000000d6700000,0x00000000d8300000)
  from space 5120K, 71% used [0x00000000d8c00000,0x00000000d8f93950,0x00000000d9100000)
  to   space 9216K, 0% used [0x00000000d8300000,0x00000000d8300000,0x00000000d8c00000)
 ParOldGen       total 54272K, used 5020K [0x0000000083400000, 0x0000000086900000, 0x00000000d6700000)
  object space 54272K, 9% used [0x0000000083400000,0x00000000838e7338,0x0000000086900000)
 Metaspace       used 23547K, capacity 24502K, committed 24624K, reserved 1071104K
  class space    used 3073K, capacity 3302K, committed 3376K, reserved 1048576K
}

