# JRE version: Java(TM) SE Runtime Environment (8.0_144-b01) (build 1.8.0_144-b01)
# Java VM: Java HotSpot(TM) 64-Bit Server VM (25.144-b01 mixed mode windows-amd64 compressed oops)
Heap:
 PSYoungGen      total 181760K, used 20356K [0x00000000d6700000, 0x00000000e5900000, 0x0000000100000000)
  eden space 169472K, 12% used [0x00000000d6700000,0x00000000d7ae11b0,0x00000000e0c80000)
  from space 12288K, 0% used [0x00000000e1880000,0x00000000e1880000,0x00000000e2480000)
  to   space 12288K, 0% used [0x00000000e0c80000,0x00000000e0c80000,0x00000000e1880000)
 ParOldGen       total 74752K, used 12888K [0x0000000083400000, 0x0000000087d00000, 0x00000000d6700000)
  object space 74752K, 17% used [0x0000000083400000,0x0000000084096220,0x0000000087d00000)
 Metaspace       used 35267K, capacity 37162K, committed 37288K, reserved 1081344K
  class space    used 4699K, capacity 5038K, committed 5040K, reserved 1048576K
GC Heap History (10 events):
Event: 3.255 GC heap before
{Heap before GC invocations=6 (full 1):
 PSYoungGen      total 70656K, used 5094K [0x00000000d6700000, 0x00000000df900000, 0x0000000100000000)
  eden space 65536K, 0% used [0x00000000d6700000,0x00000000d6700000,0x00000000da700000)
  from space 5120K, 99% used [0x00000000da700000,0x00000000dabf9888,0x00000000dac00000)
  to   space 9216K, 0% used [0x00000000df000000,0x00000000df000000,0x00000000df900000)
 ParOldGen       total 86016K, used 5085K [0x0000000083400000, 0x0000000088800000, 0x00000000d6700000)
  object space 86016K, 5% used [0x0000000083400000,0x00000000838f7488,0x0000000088800000)
 Metaspace       used 20583K, capacity 21234K, committed 21296K, reserved 1067008K
  class space    used 2670K, capacity 2854K, committed 2864K, reserved 1048576K
Event: 3.299 GC heap after
Heap after GC invocations=6 (full 1):
 PSYoungGen      total 70656K, used 0K [0x00000000d6700000, 0x00000000df900000, 0x0000000100000000)
  eden space 65536K, 0% used [0x00000000d6700000,0x00000000d6700000,0x00000000da700000)
  from space 5120K, 0% used [0x00000000da700000,0x00000000da700000,0x00000000dac00000)
  to   space 9216K, 0% used [0x00000000df000000,0x00000000df000000,0x00000000df900000)
 ParOldGen       total 52736K, used 5485K [0x0000000083400000, 0x0000000086780000, 0x00000000d6700000)
  object space 52736K, 10% used [0x0000000083400000,0x000000008395b5e8,0x0000000086780000)
 Metaspace       used 20583K, capacity 21234K, committed 21296K, reserved 1067008K
  class space    used 2670K, capacity 2854K, committed 2864K, reserved 1048576K
}
Event: 5.367 GC heap before
{Heap before GC invocations=7 (full 1):
 PSYoungGen      total 70656K, used 65536K [0x00000000d6700000, 0x00000000df900000, 0x0000000100000000)
  eden space 65536K, 100% used [0x00000000d6700000,0x00000000da700000,0x00000000da700000)
  from space 5120K, 0% used [0x00000000da700000,0x00000000da700000,0x00000000dac00000)
  to   space 9216K, 0% used [0x00000000df000000,0x00000000df000000,0x00000000df900000)
 ParOldGen       total 52736K, used 5485K [0x0000000083400000, 0x0000000086780000, 0x00000000d6700000)
  object space 52736K, 10% used [0x0000000083400000,0x000000008395b5e8,0x0000000086780000)
 Metaspace       used 24721K, capacity 25712K, committed 26032K, reserved 1071104K
  class space    used 3189K, capacity 3417K, committed 3504K, reserved 1048576K
Event: 5.383 GC heap after
Heap after GC invocations=7 (full 1):
 PSYoungGen      total 114176K, used 6899K [0x00000000d6700000, 0x00000000df700000, 0x0000000100000000)
  eden space 107008K, 0% used [0x00000000d6700000,0x00000000d6700000,0x00000000dcf80000)
  from space 7168K, 96% used [0x00000000df000000,0x00000000df6bce28,0x00000000df700000)
  to   space 9216K, 0% used [0x00000000de500000,0x00000000de500000,0x00000000dee00000)
 ParOldGen       total 52736K, used 5493K [0x0000000083400000, 0x0000000086780000, 0x00000000d6700000)
  object space 52736K, 10% used [0x0000000083400000,0x000000008395d5e8,0x0000000086780000)
 Metaspace       used 24721K, capacity 25712K, committed 26032K, reserved 1071104K
  class space    used 3189K, capacity 3417K, committed 3504K, reserved 1048576K
}
Event: 8.765 GC heap before
{Heap before GC invocations=8 (full 1):
 PSYoungGen      total 114176K, used 113907K [0x00000000d6700000, 0x00000000df700000, 0x0000000100000000)
  eden space 107008K, 100% used [0x00000000d6700000,0x00000000dcf80000,0x00000000dcf80000)
  from space 7168K, 96% used [0x00000000df000000,0x00000000df6bce28,0x00000000df700000)
  to   space 9216K, 0% used [0x00000000de500000,0x00000000de500000,0x00000000dee00000)
 ParOldGen       total 52736K, used 5493K [0x0000000083400000, 0x0000000086780000, 0x00000000d6700000)
  object space 52736K, 10% used [0x0000000083400000,0x000000008395d5e8,0x0000000086780000)
 Metaspace       used 33001K, capacity 34616K, committed 34992K, reserved 1079296K
  class space    used 4346K, capacity 4659K, committed 4784K, reserved 1048576K
Event: 8.786 GC heap after
Heap after GC invocations=8 (full 1):
 PSYoungGen      total 138240K, used 9194K [0x00000000d6700000, 0x00000000e2480000, 0x0000000100000000)
  eden space 129024K, 0% used [0x00000000d6700000,0x00000000d6700000,0x00000000de500000)
  from space 9216K, 99% used [0x00000000de500000,0x00000000dedfa940,0x00000000dee00000)
  to   space 12288K, 0% used [0x00000000e1880000,0x00000000e1880000,0x00000000e2480000)
 ParOldGen       total 52736K, used 9939K [0x0000000083400000, 0x0000000086780000, 0x00000000d6700000)
  object space 52736K, 18% used [0x0000000083400000,0x0000000083db4cb8,0x0000000086780000)
 Metaspace       used 33001K, capacity 34616K, committed 34992K, reserved 1079296K
  class space    used 4346K, capacity 4659K, committed 4784K, reserved 1048576K
}
Event: 9.085 GC heap before
{Heap before GC invocations=9 (full 1):
 PSYoungGen      total 138240K, used 20227K [0x00000000d6700000, 0x00000000e2480000, 0x0000000100000000)
  eden space 129024K, 8% used [0x00000000d6700000,0x00000000d71c63d8,0x00000000de500000)
  from space 9216K, 99% used [0x00000000de500000,0x00000000dedfa940,0x00000000dee00000)
  to   space 12288K, 0% used [0x00000000e1880000,0x00000000e1880000,0x00000000e2480000)
 ParOldGen       total 52736K, used 9939K [0x0000000083400000, 0x0000000086780000, 0x00000000d6700000)
  object space 52736K, 18% used [0x0000000083400000,0x0000000083db4cb8,0x0000000086780000)
 Metaspace       used 33710K, capacity 35354K, committed 35496K, reserved 1079296K
  class space    used 4474K, capacity 4772K, committed 4784K, reserved 1048576K
Event: 9.114 GC heap after
Heap after GC invocations=9 (full 1):
 PSYoungGen      total 181760K, used 7966K [0x00000000d6700000, 0x00000000e5900000, 0x0000000100000000)
  eden space 169472K, 0% used [0x00000000d6700000,0x00000000d6700000,0x00000000e0c80000)
  from space 12288K, 64% used [0x00000000e1880000,0x00000000e2047b08,0x00000000e2480000)
  to   space 12288K, 0% used [0x00000000e0c80000,0x00000000e0c80000,0x00000000e1880000)
 ParOldGen       total 52736K, used 9947K [0x0000000083400000, 0x0000000086780000, 0x00000000d6700000)
  object space 52736K, 18% used [0x0000000083400000,0x0000000083db6cb8,0x0000000086780000)
 Metaspace       used 33710K, capacity 35354K, committed 35496K, reserved 1079296K
  class space    used 4474K, capacity 4772K, committed 4784K, reserved 1048576K
}
Event: 9.114 GC heap before
{Heap before GC invocations=10 (full 2):
 PSYoungGen      total 181760K, used 7966K [0x00000000d6700000, 0x00000000e5900000, 0x0000000100000000)
  eden space 169472K, 0% used [0x00000000d6700000,0x00000000d6700000,0x00000000e0c80000)
  from space 12288K, 64% used [0x00000000e1880000,0x00000000e2047b08,0x00000000e2480000)
  to   space 12288K, 0% used [0x00000000e0c80000,0x00000000e0c80000,0x00000000e1880000)
 ParOldGen       total 52736K, used 9947K [0x0000000083400000, 0x0000000086780000, 0x00000000d6700000)
  object space 52736K, 18% used [0x0000000083400000,0x0000000083db6cb8,0x0000000086780000)
 Metaspace       used 33710K, capacity 35354K, committed 35496K, reserved 1079296K
  class space    used 4474K, capacity 4772K, committed 4784K, reserved 1048576K
Event: 9.214 GC heap after
Heap after GC invocations=10 (full 2):
 PSYoungGen      total 181760K, used 0K [0x00000000d6700000, 0x00000000e5900000, 0x0000000100000000)
  eden space 169472K, 0% used [0x00000000d6700000,0x00000000d6700000,0x00000000e0c80000)
  from space 12288K, 0% used [0x00000000e1880000,0x00000000e1880000,0x00000000e2480000)
  to   space 12288K, 0% used [0x00000000e0c80000,0x00000000e0c80000,0x00000000e1880000)
 ParOldGen       total 74752K, used 12888K [0x0000000083400000, 0x0000000087d00000, 0x00000000d6700000)
  object space 74752K, 17% used [0x0000000083400000,0x0000000084096220,0x0000000087d00000)
 Metaspace       used 33710K, capacity 35354K, committed 35496K, reserved 1079296K
  class space    used 4474K, capacity 4772K, committed 4784K, reserved 1048576K
}

